[02-Jun-2016 15:17:05 America/Los_Angeles] PHP Parse error:  syntax error, unexpected 'responstable' (T_STRING), expecting ',' or ';' in /home/stu/sornelas/public_html/cs342/getdata.php on line 18
[02-Jun-2016 17:20:02 America/Los_Angeles] PHP Warning:  session_start(): open(/var/lib/php5/sess_bcvspob086kc42bmtnbhh8lqp7, O_RDWR) failed: Permission denied (13) in /home/stu/sornelas/public_html/cs342/database.php on line 1
[02-Jun-2016 17:20:02 America/Los_Angeles] PHP Warning:  Unknown: open(/var/lib/php5/sess_bcvspob086kc42bmtnbhh8lqp7, O_RDWR) failed: Permission denied (13) in Unknown on line 0
[02-Jun-2016 17:20:02 America/Los_Angeles] PHP Warning:  Unknown: Failed to write session data (files). Please verify that the current setting of session.save_path is correct (/var/lib/php5) in Unknown on line 0
[02-Jun-2016 17:20:05 America/Los_Angeles] PHP Warning:  session_start(): open(/var/lib/php5/sess_bcvspob086kc42bmtnbhh8lqp7, O_RDWR) failed: Permission denied (13) in /home/stu/sornelas/public_html/cs342/database.php on line 1
[02-Jun-2016 17:20:05 America/Los_Angeles] PHP Warning:  Unknown: open(/var/lib/php5/sess_bcvspob086kc42bmtnbhh8lqp7, O_RDWR) failed: Permission denied (13) in Unknown on line 0
[02-Jun-2016 17:20:05 America/Los_Angeles] PHP Warning:  Unknown: Failed to write session data (files). Please verify that the current setting of session.save_path is correct (/var/lib/php5) in Unknown on line 0
[02-Jun-2016 17:34:15 America/Los_Angeles] PHP Warning:  session_start(): open(/var/lib/php5/sess_bcvspob086kc42bmtnbhh8lqp7, O_RDWR) failed: Permission denied (13) in /home/stu/sornelas/public_html/cs342/delete.php on line 1
[02-Jun-2016 17:34:15 America/Los_Angeles] PHP Warning:  Unknown: open(/var/lib/php5/sess_bcvspob086kc42bmtnbhh8lqp7, O_RDWR) failed: Permission denied (13) in Unknown on line 0
[02-Jun-2016 17:34:15 America/Los_Angeles] PHP Warning:  Unknown: Failed to write session data (files). Please verify that the current setting of session.save_path is correct (/var/lib/php5) in Unknown on line 0
[02-Jun-2016 17:36:41 America/Los_Angeles] PHP Warning:  session_start(): open(/var/lib/php5/sess_bcvspob086kc42bmtnbhh8lqp7, O_RDWR) failed: Permission denied (13) in /home/stu/sornelas/public_html/cs342/delete.php on line 1
[02-Jun-2016 17:36:41 America/Los_Angeles] PHP Warning:  Unknown: open(/var/lib/php5/sess_bcvspob086kc42bmtnbhh8lqp7, O_RDWR) failed: Permission denied (13) in Unknown on line 0
[02-Jun-2016 17:36:41 America/Los_Angeles] PHP Warning:  Unknown: Failed to write session data (files). Please verify that the current setting of session.save_path is correct (/var/lib/php5) in Unknown on line 0
[03-Jun-2016 17:06:34 America/Los_Angeles] PHP Warning:  mysqli_fetch_assoc() expects parameter 1 to be mysqli_result, boolean given in /home/stu/sornelas/public_html/cs342/getdata.php on line 19
[03-Jun-2016 17:06:34 America/Los_Angeles] PHP Warning:  mysqli_fetch_row() expects parameter 1 to be mysqli_result, boolean given in /home/stu/sornelas/public_html/cs342/getdata.php on line 30
[07-Jun-2016 14:25:37 America/Los_Angeles] PHP Warning:  session_start(): open(/var/lib/php5/sess_o2gla7rmakm8jifbtkv6sd6ng5, O_RDWR) failed: Permission denied (13) in /home/stu/sornelas/public_html/cs342/insert.php on line 1
[07-Jun-2016 14:25:37 America/Los_Angeles] PHP Warning:  Unknown: open(/var/lib/php5/sess_o2gla7rmakm8jifbtkv6sd6ng5, O_RDWR) failed: Permission denied (13) in Unknown on line 0
[07-Jun-2016 14:25:37 America/Los_Angeles] PHP Warning:  Unknown: Failed to write session data (files). Please verify that the current setting of session.save_path is correct (/var/lib/php5) in Unknown on line 0
[07-Jun-2016 14:25:47 America/Los_Angeles] PHP Warning:  session_start(): open(/var/lib/php5/sess_o2gla7rmakm8jifbtkv6sd6ng5, O_RDWR) failed: Permission denied (13) in /home/stu/sornelas/public_html/cs342/update.php on line 1
[07-Jun-2016 14:25:47 America/Los_Angeles] PHP Warning:  Unknown: open(/var/lib/php5/sess_o2gla7rmakm8jifbtkv6sd6ng5, O_RDWR) failed: Permission denied (13) in Unknown on line 0
[07-Jun-2016 14:25:47 America/Los_Angeles] PHP Warning:  Unknown: Failed to write session data (files). Please verify that the current setting of session.save_path is correct (/var/lib/php5) in Unknown on line 0
[07-Jun-2016 14:25:56 America/Los_Angeles] PHP Warning:  session_start(): open(/var/lib/php5/sess_o2gla7rmakm8jifbtkv6sd6ng5, O_RDWR) failed: Permission denied (13) in /home/stu/sornelas/public_html/cs342/delete.php on line 1
[07-Jun-2016 14:25:56 America/Los_Angeles] PHP Warning:  Unknown: open(/var/lib/php5/sess_o2gla7rmakm8jifbtkv6sd6ng5, O_RDWR) failed: Permission denied (13) in Unknown on line 0
[07-Jun-2016 14:25:56 America/Los_Angeles] PHP Warning:  Unknown: Failed to write session data (files). Please verify that the current setting of session.save_path is correct (/var/lib/php5) in Unknown on line 0
[07-Jun-2016 14:54:40 America/Los_Angeles] PHP Warning:  session_start(): open(/var/lib/php5/sess_o2gla7rmakm8jifbtkv6sd6ng5, O_RDWR) failed: Permission denied (13) in /home/stu/sornelas/public_html/cs342/delete.php on line 1
[07-Jun-2016 14:54:40 America/Los_Angeles] PHP Warning:  Unknown: open(/var/lib/php5/sess_o2gla7rmakm8jifbtkv6sd6ng5, O_RDWR) failed: Permission denied (13) in Unknown on line 0
[07-Jun-2016 14:54:40 America/Los_Angeles] PHP Warning:  Unknown: Failed to write session data (files). Please verify that the current setting of session.save_path is correct (/var/lib/php5) in Unknown on line 0
[07-Jun-2016 15:08:30 America/Los_Angeles] PHP Warning:  session_start(): open(/var/lib/php5/sess_o2gla7rmakm8jifbtkv6sd6ng5, O_RDWR) failed: Permission denied (13) in /home/stu/sornelas/public_html/cs342/update.php on line 1
[07-Jun-2016 15:08:30 America/Los_Angeles] PHP Warning:  Unknown: open(/var/lib/php5/sess_o2gla7rmakm8jifbtkv6sd6ng5, O_RDWR) failed: Permission denied (13) in Unknown on line 0
[07-Jun-2016 15:08:30 America/Los_Angeles] PHP Warning:  Unknown: Failed to write session data (files). Please verify that the current setting of session.save_path is correct (/var/lib/php5) in Unknown on line 0
[07-Jun-2016 15:08:49 America/Los_Angeles] PHP Warning:  session_start(): open(/var/lib/php5/sess_o2gla7rmakm8jifbtkv6sd6ng5, O_RDWR) failed: Permission denied (13) in /home/stu/sornelas/public_html/cs342/update.php on line 1
[07-Jun-2016 15:08:49 America/Los_Angeles] PHP Warning:  Unknown: open(/var/lib/php5/sess_o2gla7rmakm8jifbtkv6sd6ng5, O_RDWR) failed: Permission denied (13) in Unknown on line 0
[07-Jun-2016 15:08:49 America/Los_Angeles] PHP Warning:  Unknown: Failed to write session data (files). Please verify that the current setting of session.save_path is correct (/var/lib/php5) in Unknown on line 0
[07-Jun-2016 15:16:32 America/Los_Angeles] PHP Warning:  session_start(): open(/var/lib/php5/sess_o2gla7rmakm8jifbtkv6sd6ng5, O_RDWR) failed: Permission denied (13) in /home/stu/sornelas/public_html/cs342/update.php on line 1
[07-Jun-2016 15:16:32 America/Los_Angeles] PHP Warning:  Unknown: open(/var/lib/php5/sess_o2gla7rmakm8jifbtkv6sd6ng5, O_RDWR) failed: Permission denied (13) in Unknown on line 0
[07-Jun-2016 15:16:32 America/Los_Angeles] PHP Warning:  Unknown: Failed to write session data (files). Please verify that the current setting of session.save_path is correct (/var/lib/php5) in Unknown on line 0
